


ARM Macro Assembler    Page 1 


    1 00000000         ;/*-----------------------------------------------------
                       ----------------------------------------------------*/
    2 00000000         ;/*                                                     
                                                                           */
    3 00000000         ;/* SPDX-License-Identifier: Apache-2.0                 
                                                                           */
    4 00000000         ;/*                                                     
                                                                           */
    5 00000000         ;/* Copyright(c) 2009 Nuvoton Technology Corp. All right
                       s reserved.                                         */
    6 00000000         ;/*                                                     
                                                                           */
    7 00000000         ;/*-----------------------------------------------------
                       ----------------------------------------------------*/
    8 00000000         
    9 00000000         
   10 00000000         ;;;;;;;;;;;;;;;;;;;;;;;;;;;;;;;;;;;;;;;;;;;;;;;;;;;
   11 00000000         
   12 00000000         
   13 00000000         
   14 00000000         
   15 00000000         
   16 00000000         
   17 00000000         
   18 00000000 00000400 
                       Stack_Size
                               EQU              0x00000400
   19 00000000         
   20 00000000                 AREA             STACK, NOINIT, READWRITE, ALIGN
=3
   21 00000000         Stack_Mem
                               SPACE            Stack_Size
   22 00000400         __initial_sp
   23 00000400         
   24 00000400         
   25 00000400         ; <h> Heap Configuration
   26 00000400         ;   <o>  Heap Size (in Bytes) <0x0-0xFFFFFFFF:8>
   27 00000400         ; </h>
   28 00000400         
   29 00000400 00000000 
                       Heap_Size
                               EQU              0x00000000
   30 00000400         
   31 00000400                 AREA             HEAP, NOINIT, READWRITE, ALIGN=
3
   32 00000000         __heap_base
   33 00000000         Heap_Mem
                               SPACE            Heap_Size
   34 00000000         __heap_limit
   35 00000000         
   36 00000000         
   37 00000000                 PRESERVE8
   38 00000000                 THUMB
   39 00000000         
   40 00000000         
   41 00000000         ; Vector Table Mapped to Address 0 at Reset
   42 00000000                 AREA             RESET, DATA, READONLY
   43 00000000                 EXPORT           __Vectors
   44 00000000         



ARM Macro Assembler    Page 2 


   45 00000000 00000000 
                       __Vectors
                               DCD              __initial_sp ; Top of Stack
   46 00000004 00000000        DCD              Reset_Handler ; Reset Handler
   47 00000008 00000000        DCD              NMI_Handler ; NMI Handler
   48 0000000C 00000000        DCD              HardFault_Handler ; Hard Fault 
                                                            Handler
   49 00000010 00000000        DCD              0           ; Reserved
   50 00000014 00000000        DCD              0           ; Reserved
   51 00000018 00000000        DCD              0           ; Reserved
   52 0000001C 00000000        DCD              0           ; Reserved
   53 00000020 00000000        DCD              0           ; Reserved
   54 00000024 00000000        DCD              0           ; Reserved
   55 00000028 00000000        DCD              0           ; Reserved
   56 0000002C 00000000        DCD              SVC_Handler ; SVCall Handler
   57 00000030 00000000        DCD              0           ; Reserved
   58 00000034 00000000        DCD              0           ; Reserved
   59 00000038 00000000        DCD              PendSV_Handler ; PendSV Handler
                                                            
   60 0000003C 00000000        DCD              SysTick_Handler 
                                                            ; SysTick Handler
   61 00000040         
   62 00000040         ; External Interrupts
   63 00000040         ; maximum of 32 External Interrupts are possible
   64 00000040 00000000        DCD              BOD_IRQHandler
   65 00000044 00000000        DCD              WDT_IRQHandler
   66 00000048 00000000        DCD              EINT0_IRQHandler
   67 0000004C 00000000        DCD              EINT1_IRQHandler
   68 00000050 00000000        DCD              GPAB_IRQHandler
   69 00000054 00000000        DCD              GPCDEF_IRQHandler
   70 00000058 00000000        DCD              Default_Handler
   71 0000005C 00000000        DCD              Default_Handler
   72 00000060 00000000        DCD              TMR0_IRQHandler
   73 00000064 00000000        DCD              TMR1_IRQHandler
   74 00000068 00000000        DCD              TMR2_IRQHandler
   75 0000006C 00000000        DCD              TMR3_IRQHandler
   76 00000070 00000000        DCD              UART02_IRQHandler
   77 00000074 00000000        DCD              UART1_IRQHandler
   78 00000078 00000000        DCD              SPI0_IRQHandler
   79 0000007C 00000000        DCD              UART3_IRQHandler
   80 00000080 00000000        DCD              UART4_IRQHandler
   81 00000084 00000000        DCD              UART5_IRQHandler
   82 00000088 00000000        DCD              I2C0_IRQHandler
   83 0000008C 00000000        DCD              I2C1_IRQHandler
   84 00000090 00000000        DCD              CAN0_IRQHandler
   85 00000094 00000000        DCD              CAN1_IRQHandler
   86 00000098 00000000        DCD              PWM0_IRQHandler
   87 0000009C 00000000        DCD              PWM1_IRQHandler
   88 000000A0 00000000        DCD              BPWM0_IRQHandler
   89 000000A4 00000000        DCD              BPWM1_IRQHandler
   90 000000A8 00000000        DCD              BRAKE0_IRQHandler
   91 000000AC 00000000        DCD              BRAKE1_IRQHandler
   92 000000B0 00000000        DCD              PWRWU_IRQHandler
   93 000000B4 00000000        DCD              ADC_IRQHandler
   94 000000B8 00000000        DCD              CKD_IRQHandler
   95 000000BC 00000000        DCD              RTC_IRQHandler
   96 000000C0         
   97 000000C0         
   98 000000C0         



ARM Macro Assembler    Page 3 


   99 000000C0         
  100 000000C0         
  101 000000C0         
  102 000000C0         
  103 000000C0                 AREA             |.text|, CODE, READONLY
  104 00000000         
  105 00000000         
  106 00000000         
  107 00000000         ; Reset Handler 
  108 00000000         
  109 00000000                 ENTRY
  110 00000000         
  111 00000000         Reset_Handler
                               PROC
  112 00000000                 EXPORT           Reset_Handler             [WEAK
]
  113 00000000                 IMPORT           SystemInit
  114 00000000                 IMPORT           __main
  115 00000000         
  116 00000000 480A            LDR              R0, =0x50000100
  117 00000002         ; Unlock Register                
  118 00000002 490B            LDR              R1, =0x59
  119 00000004 6001            STR              R1, [R0]
  120 00000006 490B            LDR              R1, =0x16
  121 00000008 6001            STR              R1, [R0]
  122 0000000A 490B            LDR              R1, =0x88
  123 0000000C 6001            STR              R1, [R0]
  124 0000000E         
  125 0000000E         ; Init POR
  126 0000000E 4A0B            LDR              R2, =0x50000024
  127 00000010 490B            LDR              R1, =0x00005AA5
  128 00000012 6011            STR              R1, [R2]
  129 00000014         
  130 00000014         ; Lock register
  131 00000014 2100            MOVS             R1, #0
  132 00000016 6001            STR              R1, [R0]
  133 00000018         
  134 00000018 480A            LDR              R0, =SystemInit
  135 0000001A 4780            BLX              R0
  136 0000001C 480A            LDR              R0, =__main
  137 0000001E 4700            BX               R0
  138 00000020                 ENDP
  139 00000020         
  140 00000020         
  141 00000020         ; Dummy Exception Handlers (infinite loops which can be 
                       modified)                
  142 00000020         
  143 00000020         NMI_Handler
                               PROC
  144 00000020                 EXPORT           NMI_Handler               [WEAK
]
  145 00000020 E7FE            B                .
  146 00000022                 ENDP
  148 00000022         HardFault_Handler
                               PROC
  149 00000022                 EXPORT           HardFault_Handler         [WEAK
]
  150 00000022 E7FE            B                .
  151 00000024                 ENDP



ARM Macro Assembler    Page 4 


  152 00000024         SVC_Handler
                               PROC
  153 00000024                 EXPORT           SVC_Handler               [WEAK
]
  154 00000024 E7FE            B                .
  155 00000026                 ENDP
  156 00000026         PendSV_Handler
                               PROC
  157 00000026                 EXPORT           PendSV_Handler            [WEAK
]
  158 00000026 E7FE            B                .
  159 00000028                 ENDP
  160 00000028         SysTick_Handler
                               PROC
  161 00000028                 EXPORT           SysTick_Handler           [WEAK
]
  162 00000028 E7FE            B                .
  163 0000002A                 ENDP
  164 0000002A         
  165 0000002A         Default_Handler
                               PROC
  166 0000002A         
  167 0000002A                 EXPORT           BOD_IRQHandler            [WEAK
]
  168 0000002A                 EXPORT           WDT_IRQHandler            [WEAK
]
  169 0000002A                 EXPORT           EINT0_IRQHandler          [WEAK
]
  170 0000002A                 EXPORT           EINT1_IRQHandler          [WEAK
]
  171 0000002A                 EXPORT           GPAB_IRQHandler           [WEAK
]
  172 0000002A                 EXPORT           GPCDEF_IRQHandler         [WEAK
]
  173 0000002A                 EXPORT           TMR0_IRQHandler           [WEAK
]
  174 0000002A                 EXPORT           TMR1_IRQHandler           [WEAK
]
  175 0000002A                 EXPORT           TMR2_IRQHandler           [WEAK
]
  176 0000002A                 EXPORT           TMR3_IRQHandler           [WEAK
]
  177 0000002A                 EXPORT           UART02_IRQHandler         [WEAK
]
  178 0000002A                 EXPORT           UART1_IRQHandler          [WEAK
]
  179 0000002A                 EXPORT           SPI0_IRQHandler           [WEAK
]
  180 0000002A                 EXPORT           UART3_IRQHandler          [WEAK
]
  181 0000002A                 EXPORT           UART4_IRQHandler          [WEAK
]
  182 0000002A                 EXPORT           UART5_IRQHandler          [WEAK
]
  183 0000002A                 EXPORT           I2C0_IRQHandler           [WEAK
]
  184 0000002A                 EXPORT           I2C1_IRQHandler           [WEAK
]
  185 0000002A                 EXPORT           CAN0_IRQHandler           [WEAK



ARM Macro Assembler    Page 5 


]
  186 0000002A                 EXPORT           CAN1_IRQHandler           [WEAK
]
  187 0000002A                 EXPORT           PWM0_IRQHandler           [WEAK
]
  188 0000002A                 EXPORT           PWM1_IRQHandler           [WEAK
]
  189 0000002A                 EXPORT           BPWM0_IRQHandler          [WEAK
]
  190 0000002A                 EXPORT           BPWM1_IRQHandler          [WEAK
]
  191 0000002A                 EXPORT           BRAKE0_IRQHandler         [WEAK
]
  192 0000002A                 EXPORT           BRAKE1_IRQHandler         [WEAK
]
  193 0000002A                 EXPORT           PWRWU_IRQHandler          [WEAK
]
  194 0000002A                 EXPORT           ADC_IRQHandler            [WEAK
]
  195 0000002A                 EXPORT           CKD_IRQHandler            [WEAK
]
  196 0000002A                 EXPORT           RTC_IRQHandler            [WEAK
]
  197 0000002A         
  198 0000002A         BOD_IRQHandler
  199 0000002A         WDT_IRQHandler
  200 0000002A         EINT0_IRQHandler
  201 0000002A         EINT1_IRQHandler
  202 0000002A         GPAB_IRQHandler
  203 0000002A         GPCDEF_IRQHandler
  204 0000002A         TMR0_IRQHandler
  205 0000002A         TMR1_IRQHandler
  206 0000002A         TMR2_IRQHandler
  207 0000002A         TMR3_IRQHandler
  208 0000002A         UART02_IRQHandler
  209 0000002A         UART1_IRQHandler
  210 0000002A         SPI0_IRQHandler
  211 0000002A         UART3_IRQHandler
  212 0000002A         UART4_IRQHandler
  213 0000002A         UART5_IRQHandler
  214 0000002A         I2C0_IRQHandler
  215 0000002A         I2C1_IRQHandler
  216 0000002A         CAN0_IRQHandler
  217 0000002A         CAN1_IRQHandler
  218 0000002A         PWM0_IRQHandler
  219 0000002A         PWM1_IRQHandler
  220 0000002A         BPWM0_IRQHandler
  221 0000002A         BPWM1_IRQHandler
  222 0000002A         BRAKE0_IRQHandler
  223 0000002A         BRAKE1_IRQHandler
  224 0000002A         PWRWU_IRQHandler
  225 0000002A         ADC_IRQHandler
  226 0000002A         CKD_IRQHandler
  227 0000002A         RTC_IRQHandler
  228 0000002A E7FE            B                .
  229 0000002C                 ENDP
  230 0000002C         
  231 0000002C         
  232 0000002C                 ALIGN



ARM Macro Assembler    Page 6 


  233 0000002C         
  234 0000002C         
  235 0000002C         ; User Initial Stack & Heap
  236 0000002C         
  237 0000002C                 IF               :DEF:__MICROLIB
  238 0000002C         
  239 0000002C                 EXPORT           __initial_sp
  240 0000002C                 EXPORT           __heap_base
  241 0000002C                 EXPORT           __heap_limit
  242 0000002C         
  243 0000002C                 ELSE
  257                          ENDIF
  258 0000002C         
  259 0000002C                 END
              50000100 
              00000059 
              00000016 
              00000088 
              50000024 
              00005AA5 
              00000000 
              00000000 
Command Line: --16 --debug --xref --diag_suppress=9931 --cpu=Cortex-M0 --apcs=i
nterwork --depend=.\obj\startup_nuc131.d -o.\obj\startup_nuc131.o -IC:\Keil_v5\
ARM\RV31\INC -IC:\Keil_v5\ARM\CMSIS\Include --predefine="__MICROLIB SETA 1" --p
redefine="__UVISION_VERSION SETA 526" --list=.\lst\startup_nuc131.lst ..\..\..\
..\Library\Device\Nuvoton\NUC131\Source\ARM\startup_NUC131.s



ARM Macro Assembler    Page 1 Alphabetic symbol ordering
Relocatable symbols

STACK 00000000

Symbol: STACK
   Definitions
      At line 20 in file ..\..\..\..\Library\Device\Nuvoton\NUC131\Source\ARM\s
tartup_NUC131.s
   Uses
      None
Comment: STACK unused
Stack_Mem 00000000

Symbol: Stack_Mem
   Definitions
      At line 21 in file ..\..\..\..\Library\Device\Nuvoton\NUC131\Source\ARM\s
tartup_NUC131.s
   Uses
      None
Comment: Stack_Mem unused
__initial_sp 00000400

Symbol: __initial_sp
   Definitions
      At line 22 in file ..\..\..\..\Library\Device\Nuvoton\NUC131\Source\ARM\s
tartup_NUC131.s
   Uses
      At line 45 in file ..\..\..\..\Library\Device\Nuvoton\NUC131\Source\ARM\s
tartup_NUC131.s
      At line 239 in file ..\..\..\..\Library\Device\Nuvoton\NUC131\Source\ARM\
startup_NUC131.s

3 symbols



ARM Macro Assembler    Page 1 Alphabetic symbol ordering
Relocatable symbols

HEAP 00000000

Symbol: HEAP
   Definitions
      At line 31 in file ..\..\..\..\Library\Device\Nuvoton\NUC131\Source\ARM\s
tartup_NUC131.s
   Uses
      None
Comment: HEAP unused
Heap_Mem 00000000

Symbol: Heap_Mem
   Definitions
      At line 33 in file ..\..\..\..\Library\Device\Nuvoton\NUC131\Source\ARM\s
tartup_NUC131.s
   Uses
      None
Comment: Heap_Mem unused
__heap_base 00000000

Symbol: __heap_base
   Definitions
      At line 32 in file ..\..\..\..\Library\Device\Nuvoton\NUC131\Source\ARM\s
tartup_NUC131.s
   Uses
      At line 240 in file ..\..\..\..\Library\Device\Nuvoton\NUC131\Source\ARM\
startup_NUC131.s
Comment: __heap_base used once
__heap_limit 00000000

Symbol: __heap_limit
   Definitions
      At line 34 in file ..\..\..\..\Library\Device\Nuvoton\NUC131\Source\ARM\s
tartup_NUC131.s
   Uses
      At line 241 in file ..\..\..\..\Library\Device\Nuvoton\NUC131\Source\ARM\
startup_NUC131.s
Comment: __heap_limit used once
4 symbols



ARM Macro Assembler    Page 1 Alphabetic symbol ordering
Relocatable symbols

RESET 00000000

Symbol: RESET
   Definitions
      At line 42 in file ..\..\..\..\Library\Device\Nuvoton\NUC131\Source\ARM\s
tartup_NUC131.s
   Uses
      None
Comment: RESET unused
__Vectors 00000000

Symbol: __Vectors
   Definitions
      At line 45 in file ..\..\..\..\Library\Device\Nuvoton\NUC131\Source\ARM\s
tartup_NUC131.s
   Uses
      At line 43 in file ..\..\..\..\Library\Device\Nuvoton\NUC131\Source\ARM\s
tartup_NUC131.s
Comment: __Vectors used once
2 symbols



ARM Macro Assembler    Page 1 Alphabetic symbol ordering
Relocatable symbols

.text 00000000

Symbol: .text
   Definitions
      At line 103 in file ..\..\..\..\Library\Device\Nuvoton\NUC131\Source\ARM\
startup_NUC131.s
   Uses
      None
Comment: .text unused
ADC_IRQHandler 0000002A

Symbol: ADC_IRQHandler
   Definitions
      At line 225 in file ..\..\..\..\Library\Device\Nuvoton\NUC131\Source\ARM\
startup_NUC131.s
   Uses
      At line 93 in file ..\..\..\..\Library\Device\Nuvoton\NUC131\Source\ARM\s
tartup_NUC131.s
      At line 194 in file ..\..\..\..\Library\Device\Nuvoton\NUC131\Source\ARM\
startup_NUC131.s

BOD_IRQHandler 0000002A

Symbol: BOD_IRQHandler
   Definitions
      At line 198 in file ..\..\..\..\Library\Device\Nuvoton\NUC131\Source\ARM\
startup_NUC131.s
   Uses
      At line 64 in file ..\..\..\..\Library\Device\Nuvoton\NUC131\Source\ARM\s
tartup_NUC131.s
      At line 167 in file ..\..\..\..\Library\Device\Nuvoton\NUC131\Source\ARM\
startup_NUC131.s

BPWM0_IRQHandler 0000002A

Symbol: BPWM0_IRQHandler
   Definitions
      At line 220 in file ..\..\..\..\Library\Device\Nuvoton\NUC131\Source\ARM\
startup_NUC131.s
   Uses
      At line 88 in file ..\..\..\..\Library\Device\Nuvoton\NUC131\Source\ARM\s
tartup_NUC131.s
      At line 189 in file ..\..\..\..\Library\Device\Nuvoton\NUC131\Source\ARM\
startup_NUC131.s

BPWM1_IRQHandler 0000002A

Symbol: BPWM1_IRQHandler
   Definitions
      At line 221 in file ..\..\..\..\Library\Device\Nuvoton\NUC131\Source\ARM\
startup_NUC131.s
   Uses
      At line 89 in file ..\..\..\..\Library\Device\Nuvoton\NUC131\Source\ARM\s
tartup_NUC131.s
      At line 190 in file ..\..\..\..\Library\Device\Nuvoton\NUC131\Source\ARM\
startup_NUC131.s

BRAKE0_IRQHandler 0000002A




ARM Macro Assembler    Page 2 Alphabetic symbol ordering
Relocatable symbols

Symbol: BRAKE0_IRQHandler
   Definitions
      At line 222 in file ..\..\..\..\Library\Device\Nuvoton\NUC131\Source\ARM\
startup_NUC131.s
   Uses
      At line 90 in file ..\..\..\..\Library\Device\Nuvoton\NUC131\Source\ARM\s
tartup_NUC131.s
      At line 191 in file ..\..\..\..\Library\Device\Nuvoton\NUC131\Source\ARM\
startup_NUC131.s

BRAKE1_IRQHandler 0000002A

Symbol: BRAKE1_IRQHandler
   Definitions
      At line 223 in file ..\..\..\..\Library\Device\Nuvoton\NUC131\Source\ARM\
startup_NUC131.s
   Uses
      At line 91 in file ..\..\..\..\Library\Device\Nuvoton\NUC131\Source\ARM\s
tartup_NUC131.s
      At line 192 in file ..\..\..\..\Library\Device\Nuvoton\NUC131\Source\ARM\
startup_NUC131.s

CAN0_IRQHandler 0000002A

Symbol: CAN0_IRQHandler
   Definitions
      At line 216 in file ..\..\..\..\Library\Device\Nuvoton\NUC131\Source\ARM\
startup_NUC131.s
   Uses
      At line 84 in file ..\..\..\..\Library\Device\Nuvoton\NUC131\Source\ARM\s
tartup_NUC131.s
      At line 185 in file ..\..\..\..\Library\Device\Nuvoton\NUC131\Source\ARM\
startup_NUC131.s

CAN1_IRQHandler 0000002A

Symbol: CAN1_IRQHandler
   Definitions
      At line 217 in file ..\..\..\..\Library\Device\Nuvoton\NUC131\Source\ARM\
startup_NUC131.s
   Uses
      At line 85 in file ..\..\..\..\Library\Device\Nuvoton\NUC131\Source\ARM\s
tartup_NUC131.s
      At line 186 in file ..\..\..\..\Library\Device\Nuvoton\NUC131\Source\ARM\
startup_NUC131.s

CKD_IRQHandler 0000002A

Symbol: CKD_IRQHandler
   Definitions
      At line 226 in file ..\..\..\..\Library\Device\Nuvoton\NUC131\Source\ARM\
startup_NUC131.s
   Uses
      At line 94 in file ..\..\..\..\Library\Device\Nuvoton\NUC131\Source\ARM\s
tartup_NUC131.s
      At line 195 in file ..\..\..\..\Library\Device\Nuvoton\NUC131\Source\ARM\
startup_NUC131.s

Default_Handler 0000002A



ARM Macro Assembler    Page 3 Alphabetic symbol ordering
Relocatable symbols


Symbol: Default_Handler
   Definitions
      At line 165 in file ..\..\..\..\Library\Device\Nuvoton\NUC131\Source\ARM\
startup_NUC131.s
   Uses
      At line 70 in file ..\..\..\..\Library\Device\Nuvoton\NUC131\Source\ARM\s
tartup_NUC131.s
      At line 71 in file ..\..\..\..\Library\Device\Nuvoton\NUC131\Source\ARM\s
tartup_NUC131.s

EINT0_IRQHandler 0000002A

Symbol: EINT0_IRQHandler
   Definitions
      At line 200 in file ..\..\..\..\Library\Device\Nuvoton\NUC131\Source\ARM\
startup_NUC131.s
   Uses
      At line 66 in file ..\..\..\..\Library\Device\Nuvoton\NUC131\Source\ARM\s
tartup_NUC131.s
      At line 169 in file ..\..\..\..\Library\Device\Nuvoton\NUC131\Source\ARM\
startup_NUC131.s

EINT1_IRQHandler 0000002A

Symbol: EINT1_IRQHandler
   Definitions
      At line 201 in file ..\..\..\..\Library\Device\Nuvoton\NUC131\Source\ARM\
startup_NUC131.s
   Uses
      At line 67 in file ..\..\..\..\Library\Device\Nuvoton\NUC131\Source\ARM\s
tartup_NUC131.s
      At line 170 in file ..\..\..\..\Library\Device\Nuvoton\NUC131\Source\ARM\
startup_NUC131.s

GPAB_IRQHandler 0000002A

Symbol: GPAB_IRQHandler
   Definitions
      At line 202 in file ..\..\..\..\Library\Device\Nuvoton\NUC131\Source\ARM\
startup_NUC131.s
   Uses
      At line 68 in file ..\..\..\..\Library\Device\Nuvoton\NUC131\Source\ARM\s
tartup_NUC131.s
      At line 171 in file ..\..\..\..\Library\Device\Nuvoton\NUC131\Source\ARM\
startup_NUC131.s

GPCDEF_IRQHandler 0000002A

Symbol: GPCDEF_IRQHandler
   Definitions
      At line 203 in file ..\..\..\..\Library\Device\Nuvoton\NUC131\Source\ARM\
startup_NUC131.s
   Uses
      At line 69 in file ..\..\..\..\Library\Device\Nuvoton\NUC131\Source\ARM\s
tartup_NUC131.s
      At line 172 in file ..\..\..\..\Library\Device\Nuvoton\NUC131\Source\ARM\
startup_NUC131.s




ARM Macro Assembler    Page 4 Alphabetic symbol ordering
Relocatable symbols

HardFault_Handler 00000022

Symbol: HardFault_Handler
   Definitions
      At line 148 in file ..\..\..\..\Library\Device\Nuvoton\NUC131\Source\ARM\
startup_NUC131.s
   Uses
      At line 48 in file ..\..\..\..\Library\Device\Nuvoton\NUC131\Source\ARM\s
tartup_NUC131.s
      At line 149 in file ..\..\..\..\Library\Device\Nuvoton\NUC131\Source\ARM\
startup_NUC131.s

I2C0_IRQHandler 0000002A

Symbol: I2C0_IRQHandler
   Definitions
      At line 214 in file ..\..\..\..\Library\Device\Nuvoton\NUC131\Source\ARM\
startup_NUC131.s
   Uses
      At line 82 in file ..\..\..\..\Library\Device\Nuvoton\NUC131\Source\ARM\s
tartup_NUC131.s
      At line 183 in file ..\..\..\..\Library\Device\Nuvoton\NUC131\Source\ARM\
startup_NUC131.s

I2C1_IRQHandler 0000002A

Symbol: I2C1_IRQHandler
   Definitions
      At line 215 in file ..\..\..\..\Library\Device\Nuvoton\NUC131\Source\ARM\
startup_NUC131.s
   Uses
      At line 83 in file ..\..\..\..\Library\Device\Nuvoton\NUC131\Source\ARM\s
tartup_NUC131.s
      At line 184 in file ..\..\..\..\Library\Device\Nuvoton\NUC131\Source\ARM\
startup_NUC131.s

NMI_Handler 00000020

Symbol: NMI_Handler
   Definitions
      At line 143 in file ..\..\..\..\Library\Device\Nuvoton\NUC131\Source\ARM\
startup_NUC131.s
   Uses
      At line 47 in file ..\..\..\..\Library\Device\Nuvoton\NUC131\Source\ARM\s
tartup_NUC131.s
      At line 144 in file ..\..\..\..\Library\Device\Nuvoton\NUC131\Source\ARM\
startup_NUC131.s

PWM0_IRQHandler 0000002A

Symbol: PWM0_IRQHandler
   Definitions
      At line 218 in file ..\..\..\..\Library\Device\Nuvoton\NUC131\Source\ARM\
startup_NUC131.s
   Uses
      At line 86 in file ..\..\..\..\Library\Device\Nuvoton\NUC131\Source\ARM\s
tartup_NUC131.s
      At line 187 in file ..\..\..\..\Library\Device\Nuvoton\NUC131\Source\ARM\
startup_NUC131.s



ARM Macro Assembler    Page 5 Alphabetic symbol ordering
Relocatable symbols


PWM1_IRQHandler 0000002A

Symbol: PWM1_IRQHandler
   Definitions
      At line 219 in file ..\..\..\..\Library\Device\Nuvoton\NUC131\Source\ARM\
startup_NUC131.s
   Uses
      At line 87 in file ..\..\..\..\Library\Device\Nuvoton\NUC131\Source\ARM\s
tartup_NUC131.s
      At line 188 in file ..\..\..\..\Library\Device\Nuvoton\NUC131\Source\ARM\
startup_NUC131.s

PWRWU_IRQHandler 0000002A

Symbol: PWRWU_IRQHandler
   Definitions
      At line 224 in file ..\..\..\..\Library\Device\Nuvoton\NUC131\Source\ARM\
startup_NUC131.s
   Uses
      At line 92 in file ..\..\..\..\Library\Device\Nuvoton\NUC131\Source\ARM\s
tartup_NUC131.s
      At line 193 in file ..\..\..\..\Library\Device\Nuvoton\NUC131\Source\ARM\
startup_NUC131.s

PendSV_Handler 00000026

Symbol: PendSV_Handler
   Definitions
      At line 156 in file ..\..\..\..\Library\Device\Nuvoton\NUC131\Source\ARM\
startup_NUC131.s
   Uses
      At line 59 in file ..\..\..\..\Library\Device\Nuvoton\NUC131\Source\ARM\s
tartup_NUC131.s
      At line 157 in file ..\..\..\..\Library\Device\Nuvoton\NUC131\Source\ARM\
startup_NUC131.s

RTC_IRQHandler 0000002A

Symbol: RTC_IRQHandler
   Definitions
      At line 227 in file ..\..\..\..\Library\Device\Nuvoton\NUC131\Source\ARM\
startup_NUC131.s
   Uses
      At line 95 in file ..\..\..\..\Library\Device\Nuvoton\NUC131\Source\ARM\s
tartup_NUC131.s
      At line 196 in file ..\..\..\..\Library\Device\Nuvoton\NUC131\Source\ARM\
startup_NUC131.s

Reset_Handler 00000000

Symbol: Reset_Handler
   Definitions
      At line 111 in file ..\..\..\..\Library\Device\Nuvoton\NUC131\Source\ARM\
startup_NUC131.s
   Uses
      At line 46 in file ..\..\..\..\Library\Device\Nuvoton\NUC131\Source\ARM\s
tartup_NUC131.s
      At line 112 in file ..\..\..\..\Library\Device\Nuvoton\NUC131\Source\ARM\



ARM Macro Assembler    Page 6 Alphabetic symbol ordering
Relocatable symbols

startup_NUC131.s

SPI0_IRQHandler 0000002A

Symbol: SPI0_IRQHandler
   Definitions
      At line 210 in file ..\..\..\..\Library\Device\Nuvoton\NUC131\Source\ARM\
startup_NUC131.s
   Uses
      At line 78 in file ..\..\..\..\Library\Device\Nuvoton\NUC131\Source\ARM\s
tartup_NUC131.s
      At line 179 in file ..\..\..\..\Library\Device\Nuvoton\NUC131\Source\ARM\
startup_NUC131.s

SVC_Handler 00000024

Symbol: SVC_Handler
   Definitions
      At line 152 in file ..\..\..\..\Library\Device\Nuvoton\NUC131\Source\ARM\
startup_NUC131.s
   Uses
      At line 56 in file ..\..\..\..\Library\Device\Nuvoton\NUC131\Source\ARM\s
tartup_NUC131.s
      At line 153 in file ..\..\..\..\Library\Device\Nuvoton\NUC131\Source\ARM\
startup_NUC131.s

SysTick_Handler 00000028

Symbol: SysTick_Handler
   Definitions
      At line 160 in file ..\..\..\..\Library\Device\Nuvoton\NUC131\Source\ARM\
startup_NUC131.s
   Uses
      At line 60 in file ..\..\..\..\Library\Device\Nuvoton\NUC131\Source\ARM\s
tartup_NUC131.s
      At line 161 in file ..\..\..\..\Library\Device\Nuvoton\NUC131\Source\ARM\
startup_NUC131.s

TMR0_IRQHandler 0000002A

Symbol: TMR0_IRQHandler
   Definitions
      At line 204 in file ..\..\..\..\Library\Device\Nuvoton\NUC131\Source\ARM\
startup_NUC131.s
   Uses
      At line 72 in file ..\..\..\..\Library\Device\Nuvoton\NUC131\Source\ARM\s
tartup_NUC131.s
      At line 173 in file ..\..\..\..\Library\Device\Nuvoton\NUC131\Source\ARM\
startup_NUC131.s

TMR1_IRQHandler 0000002A

Symbol: TMR1_IRQHandler
   Definitions
      At line 205 in file ..\..\..\..\Library\Device\Nuvoton\NUC131\Source\ARM\
startup_NUC131.s
   Uses
      At line 73 in file ..\..\..\..\Library\Device\Nuvoton\NUC131\Source\ARM\s
tartup_NUC131.s



ARM Macro Assembler    Page 7 Alphabetic symbol ordering
Relocatable symbols

      At line 174 in file ..\..\..\..\Library\Device\Nuvoton\NUC131\Source\ARM\
startup_NUC131.s

TMR2_IRQHandler 0000002A

Symbol: TMR2_IRQHandler
   Definitions
      At line 206 in file ..\..\..\..\Library\Device\Nuvoton\NUC131\Source\ARM\
startup_NUC131.s
   Uses
      At line 74 in file ..\..\..\..\Library\Device\Nuvoton\NUC131\Source\ARM\s
tartup_NUC131.s
      At line 175 in file ..\..\..\..\Library\Device\Nuvoton\NUC131\Source\ARM\
startup_NUC131.s

TMR3_IRQHandler 0000002A

Symbol: TMR3_IRQHandler
   Definitions
      At line 207 in file ..\..\..\..\Library\Device\Nuvoton\NUC131\Source\ARM\
startup_NUC131.s
   Uses
      At line 75 in file ..\..\..\..\Library\Device\Nuvoton\NUC131\Source\ARM\s
tartup_NUC131.s
      At line 176 in file ..\..\..\..\Library\Device\Nuvoton\NUC131\Source\ARM\
startup_NUC131.s

UART02_IRQHandler 0000002A

Symbol: UART02_IRQHandler
   Definitions
      At line 208 in file ..\..\..\..\Library\Device\Nuvoton\NUC131\Source\ARM\
startup_NUC131.s
   Uses
      At line 76 in file ..\..\..\..\Library\Device\Nuvoton\NUC131\Source\ARM\s
tartup_NUC131.s
      At line 177 in file ..\..\..\..\Library\Device\Nuvoton\NUC131\Source\ARM\
startup_NUC131.s

UART1_IRQHandler 0000002A

Symbol: UART1_IRQHandler
   Definitions
      At line 209 in file ..\..\..\..\Library\Device\Nuvoton\NUC131\Source\ARM\
startup_NUC131.s
   Uses
      At line 77 in file ..\..\..\..\Library\Device\Nuvoton\NUC131\Source\ARM\s
tartup_NUC131.s
      At line 178 in file ..\..\..\..\Library\Device\Nuvoton\NUC131\Source\ARM\
startup_NUC131.s

UART3_IRQHandler 0000002A

Symbol: UART3_IRQHandler
   Definitions
      At line 211 in file ..\..\..\..\Library\Device\Nuvoton\NUC131\Source\ARM\
startup_NUC131.s
   Uses
      At line 79 in file ..\..\..\..\Library\Device\Nuvoton\NUC131\Source\ARM\s



ARM Macro Assembler    Page 8 Alphabetic symbol ordering
Relocatable symbols

tartup_NUC131.s
      At line 180 in file ..\..\..\..\Library\Device\Nuvoton\NUC131\Source\ARM\
startup_NUC131.s

UART4_IRQHandler 0000002A

Symbol: UART4_IRQHandler
   Definitions
      At line 212 in file ..\..\..\..\Library\Device\Nuvoton\NUC131\Source\ARM\
startup_NUC131.s
   Uses
      At line 80 in file ..\..\..\..\Library\Device\Nuvoton\NUC131\Source\ARM\s
tartup_NUC131.s
      At line 181 in file ..\..\..\..\Library\Device\Nuvoton\NUC131\Source\ARM\
startup_NUC131.s

UART5_IRQHandler 0000002A

Symbol: UART5_IRQHandler
   Definitions
      At line 213 in file ..\..\..\..\Library\Device\Nuvoton\NUC131\Source\ARM\
startup_NUC131.s
   Uses
      At line 81 in file ..\..\..\..\Library\Device\Nuvoton\NUC131\Source\ARM\s
tartup_NUC131.s
      At line 182 in file ..\..\..\..\Library\Device\Nuvoton\NUC131\Source\ARM\
startup_NUC131.s

WDT_IRQHandler 0000002A

Symbol: WDT_IRQHandler
   Definitions
      At line 199 in file ..\..\..\..\Library\Device\Nuvoton\NUC131\Source\ARM\
startup_NUC131.s
   Uses
      At line 65 in file ..\..\..\..\Library\Device\Nuvoton\NUC131\Source\ARM\s
tartup_NUC131.s
      At line 168 in file ..\..\..\..\Library\Device\Nuvoton\NUC131\Source\ARM\
startup_NUC131.s

38 symbols



ARM Macro Assembler    Page 1 Alphabetic symbol ordering
Absolute symbols

Heap_Size 00000000

Symbol: Heap_Size
   Definitions
      At line 29 in file ..\..\..\..\Library\Device\Nuvoton\NUC131\Source\ARM\s
tartup_NUC131.s
   Uses
      At line 33 in file ..\..\..\..\Library\Device\Nuvoton\NUC131\Source\ARM\s
tartup_NUC131.s
Comment: Heap_Size used once
Stack_Size 00000400

Symbol: Stack_Size
   Definitions
      At line 18 in file ..\..\..\..\Library\Device\Nuvoton\NUC131\Source\ARM\s
tartup_NUC131.s
   Uses
      At line 21 in file ..\..\..\..\Library\Device\Nuvoton\NUC131\Source\ARM\s
tartup_NUC131.s
Comment: Stack_Size used once
2 symbols



ARM Macro Assembler    Page 1 Alphabetic symbol ordering
External symbols

SystemInit 00000000

Symbol: SystemInit
   Definitions
      At line 113 in file ..\..\..\..\Library\Device\Nuvoton\NUC131\Source\ARM\
startup_NUC131.s
   Uses
      At line 134 in file ..\..\..\..\Library\Device\Nuvoton\NUC131\Source\ARM\
startup_NUC131.s
Comment: SystemInit used once
__main 00000000

Symbol: __main
   Definitions
      At line 114 in file ..\..\..\..\Library\Device\Nuvoton\NUC131\Source\ARM\
startup_NUC131.s
   Uses
      At line 136 in file ..\..\..\..\Library\Device\Nuvoton\NUC131\Source\ARM\
startup_NUC131.s
Comment: __main used once
2 symbols
385 symbols in table
